Android5.0/build/outputs/logs/manifest-merger-debug-report.txt
-- Merging decision tree log ---
manifest
ADDED from src\main\AndroidManifest.xml:2:1-52:12
	package
		ADDED from src\main\AndroidManifest.xml:3:5-35
		INJECTED from src\main\AndroidManifest.xml
		INJECTED from src\main\AndroidManifest.xml
	android:versionName
		INJECTED from src\main\AndroidManifest.xml
		INJECTED from src\main\AndroidManifest.xml
	xmlns:android
		ADDED from src\main\AndroidManifest.xml:2:11-69
	android:versionCode
		INJECTED from src\main\AndroidManifest.xml
		INJECTED from src\main\AndroidManifest.xml
application
ADDED from src\main\AndroidManifest.xml:5:5-50:19
MERGED from [com.android.support:support-v4:23.4.0] AndroidManifest.xml:22:5-20
MERGED from [com.android.support:cardview-v7:23.4.0] AndroidManifest.xml:22:5-20
MERGED from [com.android.support:appcompat-v7:23.4.0] AndroidManifest.xml:25:5-20
MERGED from [com.android.support:animated-vector-drawable:23.4.0] AndroidManifest.xml:7:5-20
MERGED from [com.android.support:support-vector-drawable:23.4.0] AndroidManifest.xml:7:5-20
MERGED from [com.android.support:palette-v7:23.4.0] AndroidManifest.xml:22:5-23:19
	android:label
		ADDED from src\main\AndroidManifest.xml:8:9-41
	android:allowBackup
		ADDED from src\main\AndroidManifest.xml:6:9-35
	android:icon
		ADDED from src\main\AndroidManifest.xml:7:9-45
	android:theme
		ADDED from src\main\AndroidManifest.xml:9:9-44
activity#com.itheima.androidl.MainActivity
ADDED from src\main\AndroidManifest.xml:10:9-20:20
	android:label
		ADDED from src\main\AndroidManifest.xml:14:13-45
	android:windowSoftInputMode
		ADDED from src\main\AndroidManifest.xml:12:13-72
	android:configChanges
		ADDED from src\main\AndroidManifest.xml:13:13-63
	android:name
		ADDED from src\main\AndroidManifest.xml:11:13-61
intent-filter#android.intent.action.MAIN+android.intent.category.LAUNCHER
ADDED from src\main\AndroidManifest.xml:15:13-19:29
action#android.intent.action.MAIN
ADDED from src\main\AndroidManifest.xml:16:17-69
	android:name
		ADDED from src\main\AndroidManifest.xml:16:25-66
category#android.intent.category.LAUNCHER
ADDED from src\main\AndroidManifest.xml:18:17-77
	android:name
		ADDED from src\main\AndroidManifest.xml:18:27-74
activity#com.itheima.androidl.taransitions.TransitionsActivity
ADDED from src\main\AndroidManifest.xml:21:9-24:20
	android:configChanges
		ADDED from src\main\AndroidManifest.xml:23:17-67
	android:name
		ADDED from src\main\AndroidManifest.xml:22:17-85
activity#com.itheima.androidl.taransitions.ExplodeActivity
ADDED from src\main\AndroidManifest.xml:26:9-29:20
	android:configChanges
		ADDED from src\main\AndroidManifest.xml:28:17-67
	android:name
		ADDED from src\main\AndroidManifest.xml:27:17-81
activity#com.itheima.androidl.taransitions.FadeActivity
ADDED from src\main\AndroidManifest.xml:31:9-34:20
	android:configChanges
		ADDED from src\main\AndroidManifest.xml:33:17-67
	android:name
		ADDED from src\main\AndroidManifest.xml:32:17-78
activity#com.itheima.androidl.taransitions.SlideActivity
ADDED from src\main\AndroidManifest.xml:36:9-39:20
	android:configChanges
		ADDED from src\main\AndroidManifest.xml:38:17-67
	android:name
		ADDED from src\main\AndroidManifest.xml:37:17-79
activity#com.itheima.androidl.taransitions.ShareActivity
ADDED from src\main\AndroidManifest.xml:40:9-43:20
	android:configChanges
		ADDED from src\main\AndroidManifest.xml:42:17-67
	android:name
		ADDED from src\main\AndroidManifest.xml:41:17-79
activity#com.itheima.androidl.widget.WidgetActivity
ADDED from src\main\AndroidManifest.xml:45:9-49:20
	android:configChanges
		ADDED from src\main\AndroidManifest.xml:48:13-63
	android:theme
		ADDED from src\main\AndroidManifest.xml:46:13-47
	android:name
		ADDED from src\main\AndroidManifest.xml:47:13-70
uses-sdk
INJECTED from src\main\AndroidManifest.xml reason: use-sdk injection requested
MERGED from [com.android.support:recyclerview-v7:23.4.0] AndroidManifest.xml:20:5-43
MERGED from [com.android.support:support-v4:23.4.0] AndroidManifest.xml:20:5-43
MERGED from [com.android.support:cardview-v7:23.4.0] AndroidManifest.xml:20:5-43
MERGED from [com.android.support:appcompat-v7:23.4.0] AndroidManifest.xml:21:5-23:78
MERGED from [com.android.support:animated-vector-drawable:23.4.0] AndroidManifest.xml:5:5-44
MERGED from [com.android.support:support-vector-drawable:23.4.0] AndroidManifest.xml:5:5-43
MERGED from [com.android.support:palette-v7:23.4.0] AndroidManifest.xml:20:5-43
	tools:overrideLibrary
		ADDED from [com.android.support:appcompat-v7:23.4.0] AndroidManifest.xml:23:9-75
	android:targetSdkVersion
		INJECTED from src\main\AndroidManifest.xml
		INJECTED from src\main\AndroidManifest.xml
	android:minSdkVersion
		INJECTED from src\main\AndroidManifest.xml
		INJECTED from src\main\AndroidManifest.xml